TN:
SF:src/entities/funko.ts
FN:9,<instance_members_initializer>
FN:11,Funko
FN:26,get id
FN:27,get nombre
FN:28,get descripcion
FN:29,get tipo
FN:30,get genero
FN:31,get franquicia
FN:32,get numero
FN:33,get exclusivo
FN:34,get caracteristica_especial
FN:35,get valor_mercado
FN:37,toString
FNF:13
FNH:12
FNDA:12,<instance_members_initializer>
FNDA:12,Funko
FNDA:0,get id
FNDA:1,get nombre
FNDA:1,get descripcion
FNDA:1,get tipo
FNDA:1,get genero
FNDA:1,get franquicia
FNDA:1,get numero
FNDA:5,get exclusivo
FNDA:1,get caracteristica_especial
FNDA:18,get valor_mercado
FNDA:4,toString
DA:1,1
DA:2,1
DA:3,1
DA:4,1
DA:5,1
DA:6,1
DA:7,1
DA:8,1
DA:9,1
DA:10,12
DA:11,12
DA:12,12
DA:13,12
DA:14,12
DA:15,12
DA:16,1
DA:17,1
DA:18,12
DA:19,1
DA:20,1
DA:21,12
DA:22,1
DA:23,1
DA:24,12
DA:25,12
DA:26,12
DA:27,12
DA:28,12
DA:29,12
DA:30,12
DA:31,12
DA:32,12
DA:33,12
DA:34,12
DA:35,12
DA:36,12
DA:37,12
DA:38,4
DA:39,4
DA:40,1
DA:41,4
DA:42,1
DA:43,3
DA:44,1
DA:45,1
DA:46,1
DA:47,1
DA:48,4
DA:49,4
DA:50,4
DA:51,12
DA:52,12
DA:53,12
LF:53
LH:53
BRDA:9,0,0,12
BRDA:11,1,0,12
BRDA:15,2,0,1
BRDA:18,3,0,11
BRDA:18,4,0,1
BRDA:21,5,0,10
BRDA:21,6,0,9
BRDA:21,7,0,1
BRDA:27,8,0,1
BRDA:28,9,0,1
BRDA:29,10,0,1
BRDA:30,11,0,1
BRDA:31,12,0,1
BRDA:32,13,0,1
BRDA:33,14,0,5
BRDA:34,15,0,1
BRDA:35,16,0,18
BRDA:37,17,0,4
BRDA:39,18,0,1
BRDA:41,19,0,3
BRDA:41,20,0,1
BRDA:43,21,0,2
BRDA:43,22,0,1
BRDA:48,23,0,0
BRF:24
BRH:23
end_of_record
TN:
SF:src/enumerables/genero_funko_enum.ts
FNF:0
FNH:0
DA:1,1
DA:2,1
DA:3,1
DA:4,1
DA:5,1
DA:6,1
DA:7,1
DA:8,1
LF:8
LH:8
BRDA:3,0,0,1
BRF:1
BRH:1
end_of_record
TN:
SF:src/enumerables/tipo_funko_enum.ts
FNF:0
FNH:0
DA:1,1
DA:2,1
DA:3,1
DA:4,1
DA:5,1
DA:6,1
DA:7,1
LF:7
LH:7
BRDA:2,0,0,1
BRF:1
BRH:1
end_of_record
TN:
SF:src/handler/manejadorJSON.ts
FN:9,ManejadorJSON
FN:10,crearDirectorio
FN:23,agregarLineaJSON
FN:39,crearJSON
FN:53,eliminarJSON
FN:66,leerJSON
FNF:6
FNH:4
FNDA:0,ManejadorJSON
FNDA:4,crearDirectorio
FNDA:2,agregarLineaJSON
FNDA:2,crearJSON
FNDA:3,eliminarJSON
FNDA:0,leerJSON
DA:1,1
DA:2,1
DA:3,1
DA:4,1
DA:5,1
DA:6,1
DA:7,1
DA:8,1
DA:9,1
DA:10,1
DA:11,4
DA:12,4
DA:13,0
DA:14,0
DA:15,4
DA:16,4
DA:17,4
DA:18,4
DA:19,0
DA:20,0
DA:21,4
DA:22,1
DA:23,1
DA:24,2
DA:25,2
DA:26,1
DA:27,1
DA:28,1
DA:29,1
DA:30,1
DA:31,1
DA:32,1
DA:33,1
DA:34,2
DA:35,0
DA:36,0
DA:37,2
DA:38,1
DA:39,1
DA:40,2
DA:41,2
DA:42,1
DA:43,1
DA:44,1
DA:45,1
DA:46,1
DA:47,1
DA:48,2
DA:49,0
DA:50,0
DA:51,2
DA:52,1
DA:53,1
DA:54,3
DA:55,3
DA:56,2
DA:57,3
DA:58,1
DA:59,1
DA:60,3
DA:61,0
DA:62,0
DA:63,3
DA:64,1
DA:65,1
DA:66,1
DA:67,0
DA:68,0
DA:69,0
DA:70,0
DA:71,0
DA:72,0
DA:73,0
DA:74,0
DA:75,1
DA:76,1
LF:76
LH:58
BRDA:10,0,0,4
BRDA:12,1,0,0
BRDA:18,2,0,0
BRDA:23,3,0,2
BRDA:25,4,0,1
BRDA:34,5,0,0
BRDA:39,6,0,2
BRDA:41,7,0,1
BRDA:48,8,0,0
BRDA:53,9,0,3
BRDA:55,10,0,2
BRDA:57,11,0,1
BRDA:60,12,0,0
BRF:13
BRH:8
end_of_record
